  [1m[35m (1.6ms)[0m  [1m[35mCREATE TABLE "schema_migrations" ("version" varchar NOT NULL PRIMARY KEY)[0m
  [1m[35m (1.6ms)[0m  [1m[35mCREATE TABLE "ar_internal_metadata" ("key" varchar NOT NULL PRIMARY KEY, "value" varchar, "created_at" datetime NOT NULL, "updated_at" datetime NOT NULL)[0m
  [1m[36mActiveRecord::SchemaMigration Load (0.1ms)[0m  [1m[34mSELECT "schema_migrations".* FROM "schema_migrations"[0m
Migrating to DeviseCreateUsers (20170428032622)
  [1m[35m (0.1ms)[0m  [1m[36mbegin transaction[0m
  [1m[35m (0.7ms)[0m  [1m[35mCREATE TABLE "users" ("id" INTEGER PRIMARY KEY AUTOINCREMENT NOT NULL, "email" varchar DEFAULT '' NOT NULL, "encrypted_password" varchar DEFAULT '' NOT NULL, "reset_password_token" varchar, "reset_password_sent_at" datetime, "remember_created_at" datetime, "sign_in_count" integer DEFAULT 0 NOT NULL, "current_sign_in_at" datetime, "last_sign_in_at" datetime, "current_sign_in_ip" varchar, "last_sign_in_ip" varchar, "created_at" datetime NOT NULL, "updated_at" datetime NOT NULL)[0m
  [1m[35m (0.1ms)[0m  [1m[34mselect sqlite_version(*)[0m
  [1m[35m (0.5ms)[0m  [1m[35mCREATE UNIQUE INDEX "index_users_on_email" ON "users" ("email")[0m
  [1m[35m (0.1ms)[0m  [1m[34m            SELECT sql
            FROM sqlite_master
            WHERE name='index_users_on_email' AND type='index'
            UNION ALL
            SELECT sql
            FROM sqlite_temp_master
            WHERE name='index_users_on_email' AND type='index'
[0m
  [1m[35m (0.2ms)[0m  [1m[35mCREATE UNIQUE INDEX "index_users_on_reset_password_token" ON "users" ("reset_password_token")[0m
  [1m[35mSQL (0.2ms)[0m  [1m[32mINSERT INTO "schema_migrations" ("version") VALUES (?)[0m  [["version", "20170428032622"]]
  [1m[35m (4.4ms)[0m  [1m[36mcommit transaction[0m
Migrating to CreateListings (20170428033313)
  [1m[35m (0.1ms)[0m  [1m[36mbegin transaction[0m
  [1m[35m (0.5ms)[0m  [1m[35mCREATE TABLE "listings" ("id" INTEGER PRIMARY KEY AUTOINCREMENT NOT NULL, "host_id" integer, "price" decimal, "long" decimal, "lat" decimal, "address" varchar, "city" varchar, "state" varchar, "country_code" varchar, "max_guests" integer, "rooms" integer, "beds" integer, "shared" boolean, "min_nights" integer, "description" text, "created_at" datetime NOT NULL, "updated_at" datetime NOT NULL)[0m
  [1m[35m (0.2ms)[0m  [1m[35mCREATE  INDEX "index_listings_on_host_id" ON "listings" ("host_id")[0m
  [1m[35mSQL (0.2ms)[0m  [1m[32mINSERT INTO "schema_migrations" ("version") VALUES (?)[0m  [["version", "20170428033313"]]
  [1m[35m (1.5ms)[0m  [1m[36mcommit transaction[0m
Migrating to AddTitleToListings (20170428034711)
  [1m[35m (0.1ms)[0m  [1m[36mbegin transaction[0m
  [1m[35m (0.5ms)[0m  [1m[35mALTER TABLE "listings" ADD "title" varchar[0m
  [1m[35mSQL (0.2ms)[0m  [1m[32mINSERT INTO "schema_migrations" ("version") VALUES (?)[0m  [["version", "20170428034711"]]
  [1m[35m (2.0ms)[0m  [1m[36mcommit transaction[0m
Migrating to CreateBookings (20170428045148)
  [1m[35m (0.1ms)[0m  [1m[36mbegin transaction[0m
  [1m[35m (0.6ms)[0m  [1m[35mCREATE TABLE "bookings" ("id" INTEGER PRIMARY KEY AUTOINCREMENT NOT NULL, "guest_id" integer, "listing_id" integer, "check_in_at" date, "check_out_at" date, "guest_count" integer, "stripe_charge_id" varchar, "special_requirement" text, "created_at" datetime NOT NULL, "updated_at" datetime NOT NULL)[0m
  [1m[35m (0.2ms)[0m  [1m[35mCREATE  INDEX "index_bookings_on_guest_id" ON "bookings" ("guest_id")[0m
  [1m[35m (0.1ms)[0m  [1m[34m            SELECT sql
            FROM sqlite_master
            WHERE name='index_bookings_on_guest_id' AND type='index'
            UNION ALL
            SELECT sql
            FROM sqlite_temp_master
            WHERE name='index_bookings_on_guest_id' AND type='index'
[0m
  [1m[35m (0.2ms)[0m  [1m[35mCREATE  INDEX "index_bookings_on_listing_id" ON "bookings" ("listing_id")[0m
  [1m[35mSQL (0.2ms)[0m  [1m[32mINSERT INTO "schema_migrations" ("version") VALUES (?)[0m  [["version", "20170428045148"]]
  [1m[35m (1.6ms)[0m  [1m[36mcommit transaction[0m
  [1m[36mActiveRecord::InternalMetadata Load (0.1ms)[0m  [1m[34mSELECT  "ar_internal_metadata".* FROM "ar_internal_metadata" WHERE "ar_internal_metadata"."key" = ? LIMIT ?[0m  [["key", :environment], ["LIMIT", 1]]
  [1m[35m (0.1ms)[0m  [1m[36mbegin transaction[0m
  [1m[35mSQL (0.6ms)[0m  [1m[32mINSERT INTO "ar_internal_metadata" ("key", "value", "created_at", "updated_at") VALUES (?, ?, ?, ?)[0m  [["key", "environment"], ["value", "development"], ["created_at", 2017-04-28 04:53:25 UTC], ["updated_at", 2017-04-28 04:53:25 UTC]]
  [1m[35m (1.6ms)[0m  [1m[36mcommit transaction[0m
  [1m[36mActiveRecord::SchemaMigration Load (0.1ms)[0m  [1m[34mSELECT "schema_migrations".* FROM "schema_migrations"[0m
  [1m[35m (0.1ms)[0m  [1m[34m            SELECT sql
            FROM sqlite_master
            WHERE name='index_bookings_on_listing_id' AND type='index'
            UNION ALL
            SELECT sql
            FROM sqlite_temp_master
            WHERE name='index_bookings_on_listing_id' AND type='index'
[0m
  [1m[35m (0.1ms)[0m  [1m[34m            SELECT sql
            FROM sqlite_master
            WHERE name='index_bookings_on_guest_id' AND type='index'
            UNION ALL
            SELECT sql
            FROM sqlite_temp_master
            WHERE name='index_bookings_on_guest_id' AND type='index'
[0m
  [1m[35m (0.1ms)[0m  [1m[34m            SELECT sql
            FROM sqlite_master
            WHERE name='index_listings_on_host_id' AND type='index'
            UNION ALL
            SELECT sql
            FROM sqlite_temp_master
            WHERE name='index_listings_on_host_id' AND type='index'
[0m
  [1m[35m (0.1ms)[0m  [1m[34m            SELECT sql
            FROM sqlite_master
            WHERE name='index_users_on_reset_password_token' AND type='index'
            UNION ALL
            SELECT sql
            FROM sqlite_temp_master
            WHERE name='index_users_on_reset_password_token' AND type='index'
[0m
  [1m[35m (0.1ms)[0m  [1m[34m            SELECT sql
            FROM sqlite_master
            WHERE name='index_users_on_email' AND type='index'
            UNION ALL
            SELECT sql
            FROM sqlite_temp_master
            WHERE name='index_users_on_email' AND type='index'
[0m
Started GET "/" for ::1 at 2017-04-28 14:53:48 +1000
  [1m[36mActiveRecord::SchemaMigration Load (14.3ms)[0m  [1m[34mSELECT "schema_migrations".* FROM "schema_migrations"[0m
Processing by Rails::WelcomeController#index as HTML
  Parameters: {"internal"=>true}
  Rendering /Users/Paige/.rbenv/versions/2.4.0/lib/ruby/gems/2.4.0/gems/railties-5.0.2/lib/rails/templates/rails/welcome/index.html.erb
  Rendered /Users/Paige/.rbenv/versions/2.4.0/lib/ruby/gems/2.4.0/gems/railties-5.0.2/lib/rails/templates/rails/welcome/index.html.erb (4.1ms)
Completed 200 OK in 90ms (Views: 26.8ms | ActiveRecord: 0.0ms)


Started GET "/users/sign_up" for ::1 at 2017-04-28 14:53:55 +1000
Processing by Devise::RegistrationsController#new as HTML
  Rendering /Users/Paige/.rbenv/versions/2.4.0/lib/ruby/gems/2.4.0/gems/devise-4.2.1/app/views/devise/registrations/new.html.erb within layouts/application
  Rendered /Users/Paige/.rbenv/versions/2.4.0/lib/ruby/gems/2.4.0/gems/devise-4.2.1/app/views/devise/shared/_links.html.erb (1.4ms)
  Rendered /Users/Paige/.rbenv/versions/2.4.0/lib/ruby/gems/2.4.0/gems/devise-4.2.1/app/views/devise/registrations/new.html.erb within layouts/application (138.0ms)
  Rendered nav/_primary.html.erb (1.2ms)
Completed 200 OK in 1412ms (Views: 1389.8ms | ActiveRecord: 0.8ms)


Started POST "/users" for ::1 at 2017-04-28 14:54:14 +1000
Processing by Devise::RegistrationsController#create as HTML
  Parameters: {"utf8"=>"✓", "authenticity_token"=>"lCflGYH/zSop8luJsxzhfObuzdEhP8xJMNG1GfQZA5MYYDPRRMMy0OnP36/OUbTdTwJNOI1bAHzvhW6zAncqTg==", "user"=>{"email"=>"paige.richards14@hotmail.co.uk", "password"=>"[FILTERED]", "password_confirmation"=>"[FILTERED]"}, "commit"=>"Sign up"}
  [1m[35m (0.3ms)[0m  [1m[36mbegin transaction[0m
  [1m[36mUser Exists (5.3ms)[0m  [1m[34mSELECT  1 AS one FROM "users" WHERE "users"."email" = ? LIMIT ?[0m  [["email", "paige.richards14@hotmail.co.uk"], ["LIMIT", 1]]
  [1m[35mSQL (11.0ms)[0m  [1m[32mINSERT INTO "users" ("email", "encrypted_password", "created_at", "updated_at") VALUES (?, ?, ?, ?)[0m  [["email", "paige.richards14@hotmail.co.uk"], ["encrypted_password", "$2a$11$4Sd6wi9ry1UtBPuy.Tpu8OAEZQNWydTgL5fAm3jyaROiM2m2vwq.i"], ["created_at", 2017-04-28 04:54:14 UTC], ["updated_at", 2017-04-28 04:54:14 UTC]]
  [1m[35m (1.4ms)[0m  [1m[36mcommit transaction[0m
  [1m[35m (0.1ms)[0m  [1m[36mbegin transaction[0m
  [1m[35mSQL (0.5ms)[0m  [1m[33mUPDATE "users" SET "sign_in_count" = ?, "current_sign_in_at" = ?, "last_sign_in_at" = ?, "current_sign_in_ip" = ?, "last_sign_in_ip" = ?, "updated_at" = ? WHERE "users"."id" = ?[0m  [["sign_in_count", 1], ["current_sign_in_at", 2017-04-28 04:54:14 UTC], ["last_sign_in_at", 2017-04-28 04:54:14 UTC], ["current_sign_in_ip", "::1"], ["last_sign_in_ip", "::1"], ["updated_at", 2017-04-28 04:54:14 UTC], ["id", 1]]
  [1m[35m (1.3ms)[0m  [1m[36mcommit transaction[0m
Redirected to http://localhost:3000/
Completed 302 Found in 382ms (ActiveRecord: 19.9ms)


Started GET "/" for ::1 at 2017-04-28 14:54:14 +1000
Processing by Rails::WelcomeController#index as HTML
  Parameters: {"internal"=>true}
  Rendering /Users/Paige/.rbenv/versions/2.4.0/lib/ruby/gems/2.4.0/gems/railties-5.0.2/lib/rails/templates/rails/welcome/index.html.erb
  Rendered /Users/Paige/.rbenv/versions/2.4.0/lib/ruby/gems/2.4.0/gems/railties-5.0.2/lib/rails/templates/rails/welcome/index.html.erb (7.3ms)
Completed 200 OK in 26ms (Views: 12.0ms | ActiveRecord: 0.0ms)


Started GET "/listings" for ::1 at 2017-04-28 14:54:20 +1000
Processing by ListingsController#index as HTML
  Rendering listings/index.html.erb within layouts/application
  [1m[36mListing Load (9.6ms)[0m  [1m[34mSELECT "listings".* FROM "listings"[0m
  Rendered listings/index.html.erb within layouts/application (13.5ms)
  [1m[36mUser Load (0.2ms)[0m  [1m[34mSELECT  "users".* FROM "users" WHERE "users"."id" = ? ORDER BY "users"."id" ASC LIMIT ?[0m  [["id", 1], ["LIMIT", 1]]
  Rendered nav/_primary.html.erb (2.0ms)
Completed 200 OK in 163ms (Views: 80.8ms | ActiveRecord: 10.3ms)


Started GET "/bookings" for ::1 at 2017-04-28 14:54:40 +1000
Processing by BookingsController#index as HTML
  Rendering bookings/index.html.erb within layouts/application
  [1m[36mBooking Load (9.7ms)[0m  [1m[34mSELECT "bookings".* FROM "bookings"[0m
  Rendered bookings/index.html.erb within layouts/application (13.2ms)
  [1m[36mUser Load (0.2ms)[0m  [1m[34mSELECT  "users".* FROM "users" WHERE "users"."id" = ? ORDER BY "users"."id" ASC LIMIT ?[0m  [["id", 1], ["LIMIT", 1]]
  Rendered nav/_primary.html.erb (2.4ms)
Completed 200 OK in 131ms (Views: 105.2ms | ActiveRecord: 10.2ms)


Started GET "/bookings/new" for ::1 at 2017-04-28 14:54:43 +1000
Processing by BookingsController#new as HTML
  Rendering bookings/new.html.erb within layouts/application
  Rendered bookings/_form.html.erb (62.4ms)
  Rendered bookings/new.html.erb within layouts/application (64.9ms)
  [1m[36mUser Load (0.2ms)[0m  [1m[34mSELECT  "users".* FROM "users" WHERE "users"."id" = ? ORDER BY "users"."id" ASC LIMIT ?[0m  [["id", 1], ["LIMIT", 1]]
  Rendered nav/_primary.html.erb (2.0ms)
Completed 200 OK in 187ms (Views: 135.6ms | ActiveRecord: 0.8ms)


Started GET "/bookings/new" for ::1 at 2017-04-28 14:58:32 +1000
  
ActionController::RoutingError (No route matches [GET] "/bookings/new"):
  
actionpack (5.0.2) lib/action_dispatch/middleware/debug_exceptions.rb:53:in `call'
web-console (3.5.0) lib/web_console/middleware.rb:135:in `call_app'
web-console (3.5.0) lib/web_console/middleware.rb:28:in `block in call'
web-console (3.5.0) lib/web_console/middleware.rb:18:in `catch'
web-console (3.5.0) lib/web_console/middleware.rb:18:in `call'
actionpack (5.0.2) lib/action_dispatch/middleware/show_exceptions.rb:31:in `call'
railties (5.0.2) lib/rails/rack/logger.rb:36:in `call_app'
railties (5.0.2) lib/rails/rack/logger.rb:24:in `block in call'
activesupport (5.0.2) lib/active_support/tagged_logging.rb:69:in `block in tagged'
activesupport (5.0.2) lib/active_support/tagged_logging.rb:26:in `tagged'
activesupport (5.0.2) lib/active_support/tagged_logging.rb:69:in `tagged'
railties (5.0.2) lib/rails/rack/logger.rb:24:in `call'
sprockets-rails (3.2.0) lib/sprockets/rails/quiet_assets.rb:13:in `call'
actionpack (5.0.2) lib/action_dispatch/middleware/request_id.rb:24:in `call'
rack (2.0.1) lib/rack/method_override.rb:22:in `call'
rack (2.0.1) lib/rack/runtime.rb:22:in `call'
activesupport (5.0.2) lib/active_support/cache/strategy/local_cache_middleware.rb:28:in `call'
actionpack (5.0.2) lib/action_dispatch/middleware/executor.rb:12:in `call'
actionpack (5.0.2) lib/action_dispatch/middleware/static.rb:136:in `call'
rack (2.0.1) lib/rack/sendfile.rb:111:in `call'
railties (5.0.2) lib/rails/engine.rb:522:in `call'
puma (3.8.2) lib/puma/configuration.rb:224:in `call'
puma (3.8.2) lib/puma/server.rb:600:in `handle_request'
puma (3.8.2) lib/puma/server.rb:435:in `process_client'
puma (3.8.2) lib/puma/server.rb:299:in `block in run'
puma (3.8.2) lib/puma/thread_pool.rb:120:in `block in spawn_thread'
  Rendering /Users/Paige/.rbenv/versions/2.4.0/lib/ruby/gems/2.4.0/gems/actionpack-5.0.2/lib/action_dispatch/middleware/templates/rescues/routing_error.html.erb within rescues/layout
  Rendering /Users/Paige/.rbenv/versions/2.4.0/lib/ruby/gems/2.4.0/gems/actionpack-5.0.2/lib/action_dispatch/middleware/templates/rescues/_trace.html.erb
  Rendered /Users/Paige/.rbenv/versions/2.4.0/lib/ruby/gems/2.4.0/gems/actionpack-5.0.2/lib/action_dispatch/middleware/templates/rescues/_trace.html.erb (2.7ms)
  Rendered collection of /Users/Paige/.rbenv/versions/2.4.0/lib/ruby/gems/2.4.0/gems/actionpack-5.0.2/lib/action_dispatch/middleware/templates/routes/_route.html.erb [31 times] (62.1ms)
  Rendered /Users/Paige/.rbenv/versions/2.4.0/lib/ruby/gems/2.4.0/gems/actionpack-5.0.2/lib/action_dispatch/middleware/templates/routes/_table.html.erb (32.1ms)
  Rendering /Users/Paige/.rbenv/versions/2.4.0/lib/ruby/gems/2.4.0/gems/actionpack-5.0.2/lib/action_dispatch/middleware/templates/rescues/_request_and_response.html.erb
  Rendered /Users/Paige/.rbenv/versions/2.4.0/lib/ruby/gems/2.4.0/gems/actionpack-5.0.2/lib/action_dispatch/middleware/templates/rescues/_request_and_response.html.erb (4.3ms)
  Rendered /Users/Paige/.rbenv/versions/2.4.0/lib/ruby/gems/2.4.0/gems/actionpack-5.0.2/lib/action_dispatch/middleware/templates/rescues/routing_error.html.erb within rescues/layout (240.8ms)
Started GET "/bookings/new" for ::1 at 2017-04-28 15:01:18 +1000
Processing by BookingsController#new as HTML
  Rendering bookings/new.html.erb within layouts/application
  Rendered bookings/_form.html.erb (368.6ms)
  Rendered bookings/new.html.erb within layouts/application (382.4ms)
Completed 500 Internal Server Error in 432ms (ActiveRecord: 1.3ms)


  
ActionView::Template::Error (undefined local variable or method `listing' for #<#<Class:0x007f908246c2c8>:0x007f9082bd66a8>
Did you mean?  listing_url):
    1: <%= form_for([listing, booking]) do |f| %>
    2:   <% if booking.errors.any? %>
    3:     <div id="error_explanation">
    4:       <h2><%= pluralize(booking.errors.count, "error") %> prohibited this booking from being saved:</h2>
  
app/views/bookings/_form.html.erb:1:in `_app_views_bookings__form_html_erb__2898641135281336148_70129323705820'
app/views/bookings/new.html.erb:3:in `_app_views_bookings_new_html_erb__1731243422008540375_70129318918280'
  Rendering /Users/Paige/.rbenv/versions/2.4.0/lib/ruby/gems/2.4.0/gems/actionpack-5.0.2/lib/action_dispatch/middleware/templates/rescues/template_error.html.erb within rescues/layout
  Rendering /Users/Paige/.rbenv/versions/2.4.0/lib/ruby/gems/2.4.0/gems/actionpack-5.0.2/lib/action_dispatch/middleware/templates/rescues/_source.html.erb
  Rendered /Users/Paige/.rbenv/versions/2.4.0/lib/ruby/gems/2.4.0/gems/actionpack-5.0.2/lib/action_dispatch/middleware/templates/rescues/_source.html.erb (10.5ms)
  Rendering /Users/Paige/.rbenv/versions/2.4.0/lib/ruby/gems/2.4.0/gems/actionpack-5.0.2/lib/action_dispatch/middleware/templates/rescues/_trace.html.erb
  Rendered /Users/Paige/.rbenv/versions/2.4.0/lib/ruby/gems/2.4.0/gems/actionpack-5.0.2/lib/action_dispatch/middleware/templates/rescues/_trace.html.erb (3.7ms)
  Rendering /Users/Paige/.rbenv/versions/2.4.0/lib/ruby/gems/2.4.0/gems/actionpack-5.0.2/lib/action_dispatch/middleware/templates/rescues/_request_and_response.html.erb
  Rendered /Users/Paige/.rbenv/versions/2.4.0/lib/ruby/gems/2.4.0/gems/actionpack-5.0.2/lib/action_dispatch/middleware/templates/rescues/_request_and_response.html.erb (1.2ms)
  Rendered /Users/Paige/.rbenv/versions/2.4.0/lib/ruby/gems/2.4.0/gems/actionpack-5.0.2/lib/action_dispatch/middleware/templates/rescues/template_error.html.erb within rescues/layout (102.9ms)
Started GET "/bookings/new" for ::1 at 2017-04-28 15:01:35 +1000
Processing by BookingsController#new as HTML
  Rendering bookings/new.html.erb within layouts/application
  Rendered bookings/_form.html.erb (10.0ms)
  Rendered bookings/new.html.erb within layouts/application (14.5ms)
  [1m[36mUser Load (0.2ms)[0m  [1m[34mSELECT  "users".* FROM "users" WHERE "users"."id" = ? ORDER BY "users"."id" ASC LIMIT ?[0m  [["id", 1], ["LIMIT", 1]]
  Rendered nav/_primary.html.erb (19.2ms)
Completed 200 OK in 218ms (Views: 206.8ms | ActiveRecord: 0.9ms)


Started GET "/bookings/new" for ::1 at 2017-04-28 15:02:02 +1000
Processing by BookingsController#new as HTML
  Rendering bookings/new.html.erb within layouts/application
  Rendered bookings/_form.html.erb (20.1ms)
  Rendered bookings/new.html.erb within layouts/application (22.0ms)
  [1m[36mUser Load (0.2ms)[0m  [1m[34mSELECT  "users".* FROM "users" WHERE "users"."id" = ? ORDER BY "users"."id" ASC LIMIT ?[0m  [["id", 1], ["LIMIT", 1]]
  Rendered nav/_primary.html.erb (1.9ms)
Completed 200 OK in 178ms (Views: 156.3ms | ActiveRecord: 0.2ms)


Started GET "/bookings" for ::1 at 2017-04-28 15:03:11 +1000
Processing by BookingsController#index as HTML
  Rendering bookings/index.html.erb within layouts/application
  [1m[36mBooking Load (9.4ms)[0m  [1m[34mSELECT "bookings".* FROM "bookings"[0m
  Rendered bookings/index.html.erb within layouts/application (12.1ms)
  [1m[36mUser Load (0.3ms)[0m  [1m[34mSELECT  "users".* FROM "users" WHERE "users"."id" = ? ORDER BY "users"."id" ASC LIMIT ?[0m  [["id", 1], ["LIMIT", 1]]
  Rendered nav/_primary.html.erb (3.3ms)
Completed 200 OK in 194ms (Views: 170.7ms | ActiveRecord: 9.6ms)


Started GET "/listings" for ::1 at 2017-04-28 15:03:17 +1000
Processing by ListingsController#index as HTML
  Rendering listings/index.html.erb within layouts/application
  [1m[36mListing Load (31.3ms)[0m  [1m[34mSELECT "listings".* FROM "listings"[0m
  Rendered listings/index.html.erb within layouts/application (35.2ms)
  [1m[36mUser Load (0.2ms)[0m  [1m[34mSELECT  "users".* FROM "users" WHERE "users"."id" = ? ORDER BY "users"."id" ASC LIMIT ?[0m  [["id", 1], ["LIMIT", 1]]
  Rendered nav/_primary.html.erb (1.8ms)
Completed 200 OK in 170ms (Views: 65.1ms | ActiveRecord: 31.9ms)


Started GET "/listings/new" for ::1 at 2017-04-28 15:03:20 +1000
Processing by ListingsController#new as HTML
  Rendering listings/new.html.erb within layouts/application
  Rendered listings/_form.html.erb (396.4ms)
  Rendered listings/new.html.erb within layouts/application (424.5ms)
Completed 500 Internal Server Error in 474ms (ActiveRecord: 0.7ms)


  
ActionView::Template::Error (undefined method `upcase' for nil:NilClass):
    33: 
    34:   <div class="field">
    35:     <%= f.label :country_code_upper, 'Country' %>
    36:     <%= f.collection_select :country_code_upper, @countries, :alpha2, :name %>
    37:   </div>
    38: 
    39:   <div class="field">
  
app/models/listing.rb:13:in `country_code_upper'
app/views/listings/_form.html.erb:36:in `block in _app_views_listings__form_html_erb__3582124218319700793_70129334778760'
app/views/listings/_form.html.erb:1:in `_app_views_listings__form_html_erb__3582124218319700793_70129334778760'
app/views/listings/new.html.erb:3:in `_app_views_listings_new_html_erb__4180353933714359214_70129357465640'
  Rendering /Users/Paige/.rbenv/versions/2.4.0/lib/ruby/gems/2.4.0/gems/actionpack-5.0.2/lib/action_dispatch/middleware/templates/rescues/template_error.html.erb within rescues/layout
  Rendering /Users/Paige/.rbenv/versions/2.4.0/lib/ruby/gems/2.4.0/gems/actionpack-5.0.2/lib/action_dispatch/middleware/templates/rescues/_source.html.erb
  Rendered /Users/Paige/.rbenv/versions/2.4.0/lib/ruby/gems/2.4.0/gems/actionpack-5.0.2/lib/action_dispatch/middleware/templates/rescues/_source.html.erb (6.6ms)
  Rendering /Users/Paige/.rbenv/versions/2.4.0/lib/ruby/gems/2.4.0/gems/actionpack-5.0.2/lib/action_dispatch/middleware/templates/rescues/_trace.html.erb
  Rendered /Users/Paige/.rbenv/versions/2.4.0/lib/ruby/gems/2.4.0/gems/actionpack-5.0.2/lib/action_dispatch/middleware/templates/rescues/_trace.html.erb (3.1ms)
  Rendering /Users/Paige/.rbenv/versions/2.4.0/lib/ruby/gems/2.4.0/gems/actionpack-5.0.2/lib/action_dispatch/middleware/templates/rescues/_request_and_response.html.erb
  Rendered /Users/Paige/.rbenv/versions/2.4.0/lib/ruby/gems/2.4.0/gems/actionpack-5.0.2/lib/action_dispatch/middleware/templates/rescues/_request_and_response.html.erb (1.9ms)
  Rendered /Users/Paige/.rbenv/versions/2.4.0/lib/ruby/gems/2.4.0/gems/actionpack-5.0.2/lib/action_dispatch/middleware/templates/rescues/template_error.html.erb within rescues/layout (144.7ms)
Started GET "/listings" for ::1 at 2017-04-28 15:03:31 +1000
Processing by ListingsController#index as HTML
  Rendering listings/index.html.erb within layouts/application
  [1m[36mListing Load (0.3ms)[0m  [1m[34mSELECT "listings".* FROM "listings"[0m
  Rendered listings/index.html.erb within layouts/application (6.4ms)
  [1m[36mUser Load (0.2ms)[0m  [1m[34mSELECT  "users".* FROM "users" WHERE "users"."id" = ? ORDER BY "users"."id" ASC LIMIT ?[0m  [["id", 1], ["LIMIT", 1]]
  Rendered nav/_primary.html.erb (1.8ms)
Completed 200 OK in 89ms (Views: 79.3ms | ActiveRecord: 0.4ms)


Started GET "/listings/new" for ::1 at 2017-04-28 15:14:24 +1000
Processing by ListingsController#new as HTML
  Rendering listings/new.html.erb within layouts/application
  Rendered listings/_form.html.erb (9.3ms)
  Rendered listings/new.html.erb within layouts/application (12.2ms)
Completed 500 Internal Server Error in 82ms (ActiveRecord: 0.9ms)


  
ActionView::Template::Error (undefined method `upcase' for nil:NilClass):
    33: 
    34:   <div class="field">
    35:     <%= f.label :country_code_upper, 'Country' %>
    36:     <%= f.collection_select :country_code_upper, @countries, :alpha2, :name %>
    37:   </div>
    38: 
    39:   <div class="field">
  
app/models/listing.rb:13:in `country_code_upper'
app/views/listings/_form.html.erb:36:in `block in _app_views_listings__form_html_erb__3582124218319700793_70129354545100'
app/views/listings/_form.html.erb:1:in `_app_views_listings__form_html_erb__3582124218319700793_70129354545100'
app/views/listings/new.html.erb:3:in `_app_views_listings_new_html_erb__4180353933714359214_70129354641420'
  Rendering /Users/Paige/.rbenv/versions/2.4.0/lib/ruby/gems/2.4.0/gems/actionpack-5.0.2/lib/action_dispatch/middleware/templates/rescues/template_error.html.erb within rescues/layout
  Rendering /Users/Paige/.rbenv/versions/2.4.0/lib/ruby/gems/2.4.0/gems/actionpack-5.0.2/lib/action_dispatch/middleware/templates/rescues/_source.html.erb
  Rendered /Users/Paige/.rbenv/versions/2.4.0/lib/ruby/gems/2.4.0/gems/actionpack-5.0.2/lib/action_dispatch/middleware/templates/rescues/_source.html.erb (8.1ms)
  Rendering /Users/Paige/.rbenv/versions/2.4.0/lib/ruby/gems/2.4.0/gems/actionpack-5.0.2/lib/action_dispatch/middleware/templates/rescues/_trace.html.erb
  Rendered /Users/Paige/.rbenv/versions/2.4.0/lib/ruby/gems/2.4.0/gems/actionpack-5.0.2/lib/action_dispatch/middleware/templates/rescues/_trace.html.erb (3.3ms)
  Rendering /Users/Paige/.rbenv/versions/2.4.0/lib/ruby/gems/2.4.0/gems/actionpack-5.0.2/lib/action_dispatch/middleware/templates/rescues/_request_and_response.html.erb
  Rendered /Users/Paige/.rbenv/versions/2.4.0/lib/ruby/gems/2.4.0/gems/actionpack-5.0.2/lib/action_dispatch/middleware/templates/rescues/_request_and_response.html.erb (1.5ms)
  Rendered /Users/Paige/.rbenv/versions/2.4.0/lib/ruby/gems/2.4.0/gems/actionpack-5.0.2/lib/action_dispatch/middleware/templates/rescues/template_error.html.erb within rescues/layout (93.1ms)
